<?xml version="1.0" encoding="UTF-8" standalone="no"?>
<!DOCTYPE log SYSTEM "logger.dtd">
<log>
<record>
  <date>2017-04-10T10:59:42</date>
  <millis>1491847182570</millis>
  <sequence>0</sequence>
  <logger>Utils.Util</logger>
  <level>INFO</level>
  <class>Service.Listeners.MDBListener</class>
  <method>checkStorage</method>
  <thread>1</thread>
  <message>Chunk Directory ./chunks_storage is created/readable/writable
</message>
</record>
<record>
  <date>2017-04-10T10:59:42</date>
  <millis>1491847182587</millis>
  <sequence>1</sequence>
  <logger>Utils.Util</logger>
  <level>INFO</level>
  <class>Service.Listeners.MCCListener</class>
  <method>run</method>
  <thread>11</thread>
  <message>Starting Multicast Control Channel Listener
</message>
</record>
<record>
  <date>2017-04-10T10:59:42</date>
  <millis>1491847182589</millis>
  <sequence>2</sequence>
  <logger>Utils.Util</logger>
  <level>INFO</level>
  <class>Service.Listeners.MDBListener</class>
  <method>run</method>
  <thread>9</thread>
  <message>Starting Multicast Data Backup Channel Listener
</message>
</record>
<record>
  <date>2017-04-10T10:59:42</date>
  <millis>1491847182597</millis>
  <sequence>3</sequence>
  <logger>Utils.Util</logger>
  <level>INFO</level>
  <class>Service.Listeners.MDRListener</class>
  <method>run</method>
  <thread>12</thread>
  <message>Starting Multicast Data Recovery Channel Listener
</message>
</record>
<record>
  <date>2017-04-10T10:59:42</date>
  <millis>1491847182717</millis>
  <sequence>4</sequence>
  <logger>Utils.Util</logger>
  <level>INFO</level>
  <class>Service.ShellInterpreter</class>
  <method>startRMI</method>
  <thread>1</thread>
  <message>RMI Server Started</message>
</record>
</log>
